<?xml version="1.0" encoding="UTF-8"?>
<testng-results skipped="0" failed="0" ignored="0" total="0" passed="0">
  <reporter-output>
  </reporter-output>
  <suite name="org.test.TestRunner" duration-ms="4" started-at="2025-04-02T07:59:56Z" finished-at="2025-04-02T07:59:56Z">
    <groups>
    </groups>
    <test name="Command line test" duration-ms="4" started-at="2025-04-02T07:59:56Z" finished-at="2025-04-02T07:59:56Z">
    </test> <!-- Command line test -->
  </suite> <!-- org.test.TestRunner -->
</testng-results>
